<?xml version="1.0" encoding="UTF-8"?>
<testsuite xmlns:xsi="http://www.w3.org/2001/XMLSchema-instance" xsi:noNamespaceSchemaLocation="https://maven.apache.org/surefire/maven-failsafe-plugin/xsd/failsafe-test-report.xsd" name="com.spring.spring.BookControllerMockMVCIT" time="4.529" tests="5" errors="3" skipped="0" failures="2">
  <properties>
[...]
</properties>
  <testcase name="getAll" classname="com.spring.spring.BookControllerMockMVCIT" time="0.292">
    <failure message="[0] Could not find match for element {&quot;id&quot;:1}" type="java.lang.AssertionError">java.lang.AssertionError: [0] Could not find match for element {"id":1}
	at com.spring.spring.BookControllerMockMVCIT.getAll(BookControllerMockMVCIT.java:42)
</failure>
    <system-out><![CDATA[12:08:25.956 [main] DEBUG org.springframework.test.context.BootstrapUtils - Instantiating CacheAwareContextLoaderDelegate from class [org.springframework.test.context.cache.DefaultCacheAwareContextLoaderDelegate]
12:08:25.999 [main] DEBUG org.springframework.test.context.BootstrapUtils - Instantiating BootstrapContext using constructor [public org.springframework.test.context.support.DefaultBootstrapContext(java.lang.Class,org.springframework.test.context.CacheAwareContextLoaderDelegate)]
12:08:26.078 [main] DEBUG org.springframework.test.context.BootstrapUtils - Instantiating TestContextBootstrapper for test class [com.spring.spring.BookControllerMockMVCIT] from class [org.springframework.boot.test.autoconfigure.web.servlet.WebMvcTestContextBootstrapper]
12:08:26.102 [main] INFO org.springframework.boot.test.autoconfigure.web.servlet.WebMvcTestContextBootstrapper - Neither @ContextConfiguration nor @ContextHierarchy found for test class [com.spring.spring.BookControllerMockMVCIT], using SpringBootContextLoader
12:08:26.120 [main] DEBUG org.springframework.test.context.support.AbstractContextLoader - Did not detect default resource location for test class [com.spring.spring.BookControllerMockMVCIT]: class path resource [com/spring/spring/BookControllerMockMVCIT-context.xml] does not exist
12:08:26.120 [main] DEBUG org.springframework.test.context.support.AbstractContextLoader - Did not detect default resource location for test class [com.spring.spring.BookControllerMockMVCIT]: class path resource [com/spring/spring/BookControllerMockMVCITContext.groovy] does not exist
12:08:26.120 [main] INFO org.springframework.test.context.support.AbstractContextLoader - Could not detect default resource locations for test class [com.spring.spring.BookControllerMockMVCIT]: no resource found for suffixes {-context.xml, Context.groovy}.
12:08:26.122 [main] INFO org.springframework.test.context.support.AnnotationConfigContextLoaderUtils - Could not detect default configuration classes for test class [com.spring.spring.BookControllerMockMVCIT]: BookControllerMockMVCIT does not declare any static, non-private, non-final, nested classes annotated with @Configuration.
12:08:26.258 [main] DEBUG org.springframework.test.context.support.ActiveProfilesUtils - Could not find an 'annotation declaring class' for annotation type [org.springframework.test.context.ActiveProfiles] and class [com.spring.spring.BookControllerMockMVCIT]
12:08:26.374 [main] DEBUG org.springframework.context.annotation.ClassPathScanningCandidateComponentProvider - Identified candidate component class: file [D:\neerkath\spring\target\classes\com\spring\spring\Application.class]
12:08:26.387 [main] INFO org.springframework.boot.test.context.SpringBootTestContextBootstrapper - Found @SpringBootConfiguration com.spring.spring.Application for test class com.spring.spring.BookControllerMockMVCIT
12:08:26.394 [main] DEBUG org.springframework.boot.test.autoconfigure.web.servlet.WebMvcTestContextBootstrapper - @TestExecutionListeners is not present for class [com.spring.spring.BookControllerMockMVCIT]: using defaults.
12:08:26.395 [main] INFO org.springframework.boot.test.autoconfigure.web.servlet.WebMvcTestContextBootstrapper - Loaded default TestExecutionListener class names from location [META-INF/spring.factories]: [org.springframework.boot.test.mock.mockito.MockitoTestExecutionListener, org.springframework.boot.test.mock.mockito.ResetMocksTestExecutionListener, org.springframework.boot.test.autoconfigure.restdocs.RestDocsTestExecutionListener, org.springframework.boot.test.autoconfigure.web.client.MockRestServiceServerResetTestExecutionListener, org.springframework.boot.test.autoconfigure.web.servlet.MockMvcPrintOnlyOnFailureTestExecutionListener, org.springframework.boot.test.autoconfigure.web.servlet.WebDriverTestExecutionListener, org.springframework.boot.test.autoconfigure.webservices.client.MockWebServiceServerTestExecutionListener, org.springframework.test.context.web.ServletTestExecutionListener, org.springframework.test.context.support.DirtiesContextBeforeModesTestExecutionListener, org.springframework.test.context.event.ApplicationEventsTestExecutionListener, org.springframework.test.context.support.DependencyInjectionTestExecutionListener, org.springframework.test.context.support.DirtiesContextTestExecutionListener, org.springframework.test.context.transaction.TransactionalTestExecutionListener, org.springframework.test.context.jdbc.SqlScriptsTestExecutionListener, org.springframework.test.context.event.EventPublishingTestExecutionListener]
12:08:26.431 [main] INFO org.springframework.boot.test.autoconfigure.web.servlet.WebMvcTestContextBootstrapper - Using TestExecutionListeners: [org.springframework.test.context.web.ServletTestExecutionListener@36df4c26, org.springframework.test.context.support.DirtiesContextBeforeModesTestExecutionListener@76828577, org.springframework.test.context.event.ApplicationEventsTestExecutionListener@38732372, org.springframework.boot.test.mock.mockito.MockitoTestExecutionListener@639cb788, org.springframework.boot.test.autoconfigure.SpringBootDependencyInjectionTestExecutionListener@2fee69a1, org.springframework.test.context.support.DirtiesContextTestExecutionListener@4d25f816, org.springframework.test.context.transaction.TransactionalTestExecutionListener@6c6c2a73, org.springframework.test.context.jdbc.SqlScriptsTestExecutionListener@6a4af081, org.springframework.test.context.event.EventPublishingTestExecutionListener@36b53f08, org.springframework.boot.test.mock.mockito.ResetMocksTestExecutionListener@54329480, org.springframework.boot.test.autoconfigure.restdocs.RestDocsTestExecutionListener@590013c7, org.springframework.boot.test.autoconfigure.web.client.MockRestServiceServerResetTestExecutionListener@64f32e9e, org.springframework.boot.test.autoconfigure.web.servlet.MockMvcPrintOnlyOnFailureTestExecutionListener@7b211077, org.springframework.boot.test.autoconfigure.web.servlet.WebDriverTestExecutionListener@3b770d07, org.springframework.boot.test.autoconfigure.webservices.client.MockWebServiceServerTestExecutionListener@62b0bf85]
12:08:26.439 [main] DEBUG org.springframework.test.context.support.AbstractDirtiesContextTestExecutionListener - Before test class: context [DefaultTestContext@e2b3026 testClass = BookControllerMockMVCIT, testInstance = [null], testMethod = [null], testException = [null], mergedContextConfiguration = [WebMergedContextConfiguration@38bc5ac0 testClass = BookControllerMockMVCIT, locations = '{}', classes = '{class com.spring.spring.Application}', contextInitializerClasses = '[]', activeProfiles = '{}', propertySourceLocations = '{}', propertySourceProperties = '{org.springframework.boot.test.autoconfigure.web.servlet.WebMvcTestContextBootstrapper=true}', contextCustomizers = set[[ImportsContextCustomizer@6ef037e4 key = [org.springframework.boot.autoconfigure.cache.CacheAutoConfiguration, org.springframework.boot.autoconfigure.context.MessageSourceAutoConfiguration, org.springframework.boot.autoconfigure.data.web.SpringDataWebAutoConfiguration, org.springframework.boot.autoconfigure.freemarker.FreeMarkerAutoConfiguration, org.springframework.boot.autoconfigure.groovy.template.GroovyTemplateAutoConfiguration, org.springframework.boot.autoconfigure.gson.GsonAutoConfiguration, org.springframework.boot.autoconfigure.hateoas.HypermediaAutoConfiguration, org.springframework.boot.autoconfigure.http.HttpMessageConvertersAutoConfiguration, org.springframework.boot.autoconfigure.jackson.JacksonAutoConfiguration, org.springframework.boot.autoconfigure.jsonb.JsonbAutoConfiguration, org.springframework.boot.autoconfigure.mustache.MustacheAutoConfiguration, org.springframework.boot.autoconfigure.task.TaskExecutionAutoConfiguration, org.springframework.boot.autoconfigure.thymeleaf.ThymeleafAutoConfiguration, org.springframework.boot.autoconfigure.validation.ValidationAutoConfiguration, org.springframework.boot.autoconfigure.web.servlet.error.ErrorMvcAutoConfiguration, org.springframework.boot.autoconfigure.web.servlet.HttpEncodingAutoConfiguration, org.springframework.boot.autoconfigure.web.servlet.WebMvcAutoConfiguration, org.springframework.boot.test.autoconfigure.web.servlet.MockMvcAutoConfiguration, org.springframework.boot.test.autoconfigure.web.servlet.MockMvcWebClientAutoConfiguration, org.springframework.boot.test.autoconfigure.web.servlet.MockMvcWebDriverAutoConfiguration, org.springframework.boot.autoconfigure.security.oauth2.client.servlet.OAuth2ClientAutoConfiguration, org.springframework.boot.autoconfigure.security.oauth2.resource.servlet.OAuth2ResourceServerAutoConfiguration, org.springframework.boot.autoconfigure.security.servlet.SecurityAutoConfiguration, org.springframework.boot.autoconfigure.security.servlet.SecurityFilterAutoConfiguration, org.springframework.boot.autoconfigure.security.servlet.UserDetailsServiceAutoConfiguration, org.springframework.boot.test.autoconfigure.web.servlet.MockMvcSecurityConfiguration, org.springframework.boot.test.autoconfigure.web.reactive.WebTestClientAutoConfiguration]], org.springframework.boot.test.context.filter.ExcludeFilterContextCustomizer@4997552e, org.springframework.boot.test.json.DuplicateJsonObjectContextCustomizerFactory$DuplicateJsonObjectContextCustomizer@6025d790, org.springframework.boot.test.mock.mockito.MockitoContextCustomizer@5daa5984, org.springframework.boot.test.autoconfigure.OverrideAutoConfigurationContextCustomizerFactory$DisableAutoConfigurationContextCustomizer@4640195a, org.springframework.boot.test.autoconfigure.actuate.metrics.MetricsExportContextCustomizerFactory$DisableMetricExportContextCustomizer@57efc6fd, org.springframework.boot.test.autoconfigure.filter.TypeExcludeFiltersContextCustomizer@c699f78c, org.springframework.boot.test.autoconfigure.properties.PropertyMappingContextCustomizer@cc753ec8, org.springframework.boot.test.autoconfigure.web.servlet.WebDriverContextCustomizerFactory$Customizer@4bc59b27, org.springframework.boot.test.context.SpringBootTestArgs@1, org.springframework.boot.test.context.SpringBootTestWebEnvironment@0], resourceBasePath = 'src/main/webapp', contextLoader = 'org.springframework.boot.test.context.SpringBootContextLoader', parent = [null]], attributes = map[[empty]]], class annotated with @DirtiesContext [false] with mode [null].

  .   ____          _            __ _ _
 /\\ / ___'_ __ _ _(_)_ __  __ _ \ \ \ \
( ( )\___ | '_ | '_| | '_ \/ _` | \ \ \ \
 \\/  ___)| |_)| | | | | || (_| |  ) ) ) )
  '  |____| .__|_| |_|_| |_\__, | / / / /
 =========|_|==============|___/=/_/_/_/
 :: Spring Boot ::                (v2.7.8)

2023-03-09 12:08:27.228  INFO 10312 --- [           main] c.spring.spring.BookControllerMockMVCIT  : Starting BookControllerMockMVCIT using Java 1.8.0_131 on KGISL058 with PID 10312 (started by neerkathalingam.v in D:\neerkath\spring)
2023-03-09 12:08:27.228  INFO 10312 --- [           main] c.spring.spring.BookControllerMockMVCIT  : No active profile set, falling back to 1 default profile: "default"
2023-03-09 12:08:29.943  INFO 10312 --- [           main] o.s.b.t.m.w.SpringBootMockServletContext : Initializing Spring TestDispatcherServlet ''
2023-03-09 12:08:29.943  INFO 10312 --- [           main] o.s.t.web.servlet.TestDispatcherServlet  : Initializing Servlet ''
2023-03-09 12:08:29.960  INFO 10312 --- [           main] o.s.t.web.servlet.TestDispatcherServlet  : Completed initialization in 17 ms
2023-03-09 12:08:30.014  INFO 10312 --- [           main] c.spring.spring.BookControllerMockMVCIT  : Started BookControllerMockMVCIT in 3.461 seconds (JVM running for 5.218)

MockHttpServletRequest:
      HTTP Method = GET
      Request URI = /book
       Parameters = {}
          Headers = [Accept:"application/json"]
             Body = null
    Session Attrs = {}

Handler:
             Type = com.spring.spring.controller.BookController
           Method = com.spring.spring.controller.BookController#getAllBooks()

Async:
    Async started = false
     Async result = null

Resolved Exception:
             Type = null

ModelAndView:
        View name = null
             View = null
            Model = null

FlashMap:
       Attributes = null

MockHttpServletResponse:
           Status = 200
    Error message = null
          Headers = [Content-Type:"application/json"]
     Content type = application/json
             Body = [{"bookid":1,"bookname":null,"author":null,"price":0}]
    Forwarded URL = null
   Redirected URL = null
          Cookies = []
]]></system-out>
  </testcase>
  <testcase name="getOne" classname="com.spring.spring.BookControllerMockMVCIT" time="0.061">
    <failure message="&#10;Expected: id&#10;     but none found&#10;" type="java.lang.AssertionError">java.lang.AssertionError: 

Expected: id
     but none found

	at com.spring.spring.BookControllerMockMVCIT.getOne(BookControllerMockMVCIT.java:52)
</failure>
    <system-out><![CDATA[
MockHttpServletRequest:
      HTTP Method = GET
      Request URI = /book/2
       Parameters = {}
          Headers = [Accept:"application/json"]
             Body = null
    Session Attrs = {}

Handler:
             Type = com.spring.spring.controller.BookController
           Method = com.spring.spring.controller.BookController#getBooks(int)

Async:
    Async started = false
     Async result = null

Resolved Exception:
             Type = null

ModelAndView:
        View name = null
             View = null
            Model = null

FlashMap:
       Attributes = null

MockHttpServletResponse:
           Status = 200
    Error message = null
          Headers = [Content-Type:"application/json"]
     Content type = application/json
             Body = {"bookid":2,"bookname":"Book 2","author":null,"price":0}
    Forwarded URL = null
   Redirected URL = null
          Cookies = []
]]></system-out>
  </testcase>
  <testcase name="update" classname="com.spring.spring.BookControllerMockMVCIT" time="0.001">
    <error message="Unresolved compilation problem: &#10;	The method when(T) in the type Mockito is not applicable for the arguments (void)&#10;" type="java.lang.Error">java.lang.Error: 
Unresolved compilation problem: 
	The method when(T) in the type Mockito is not applicable for the arguments (void)

	at com.spring.spring.BookControllerMockMVCIT.update(BookControllerMockMVCIT.java:60)
</error>
  </testcase>
  <testcase name="postmapping" classname="com.spring.spring.BookControllerMockMVCIT" time="0">
    <error message="Unresolved compilation problem: &#10;	The method when(T) in the type Mockito is not applicable for the arguments (void)&#10;" type="java.lang.Error">java.lang.Error: 
Unresolved compilation problem: 
	The method when(T) in the type Mockito is not applicable for the arguments (void)

	at com.spring.spring.BookControllerMockMVCIT.postmapping(BookControllerMockMVCIT.java:69)
</error>
  </testcase>
  <testcase name="deleteByID" classname="com.spring.spring.BookControllerMockMVCIT" time="0">
    <error message="Unresolved compilation problem: &#10;	The method when(T) in the type Mockito is not applicable for the arguments (void)&#10;" type="java.lang.Error">java.lang.Error: 
Unresolved compilation problem: 
	The method when(T) in the type Mockito is not applicable for the arguments (void)

	at com.spring.spring.BookControllerMockMVCIT.deleteByID(BookControllerMockMVCIT.java:81)
</error>
  </testcase>
</testsuite>